<?xml version="1.0" encoding="UTF-8"?>
<!-- Generated by org.testng.reporters.JUnitReportReporter -->
<testsuite hostname="LAPTOP-CD8JOBST" failures="0" tests="1" name="com.VTiger.TestCases.TC01_CreateOrg_with_TestNG" time="54.801" errors="0" timestamp="2022-05-05T11:52:13 IST" skipped="0">
  <testcase classname="com.VTiger.TestCases.TC01_CreateOrg_with_TestNG" name="createorg" time="54.801"/>
  <system-out/>
</testsuite> <!-- com.VTiger.TestCases.TC01_CreateOrg_with_TestNG -->
