<?xml version="1.0" encoding="UTF-8"?>
<!-- Generated by org.testng.reporters.JUnitReportReporter -->
<testsuite hostname="LAPTOP-CD8JOBST" failures="0" tests="1" name="com.VTiger.TestCases.TC03_CreateContact_org_with_TestNG" time="102.835" errors="0" timestamp="2022-05-05T12:00:07 IST" skipped="0">
  <testcase classname="com.VTiger.TestCases.TC03_CreateContact_org_with_TestNG" name="createcontact_org" time="102.835"/>
  <system-out/>
</testsuite> <!-- com.VTiger.TestCases.TC03_CreateContact_org_with_TestNG -->
