<?xml version="1.0" encoding="UTF-8"?>
<!-- Generated by org.testng.reporters.JUnitReportReporter -->
<testsuite hostname="LAPTOP-CD8JOBST" failures="0" tests="1" name="com.TestNG.Test2" time="0.016" errors="0" timestamp="2022-05-04T12:27:36 IST" skipped="0">
  <testcase classname="com.TestNG.Test2" name="testIOSapp" time="0.016"/>
  <system-out/>
</testsuite> <!-- com.TestNG.Test2 -->
