<?xml version="1.0" encoding="UTF-8"?>
<!-- Generated by org.testng.reporters.JUnitReportReporter -->
<testsuite hostname="LAPTOP-CD8JOBST" failures="0" tests="2" name="com.TestNG.Test1" time="0.008" errors="0" timestamp="2022-05-04T12:27:36 IST" skipped="0">
  <testcase classname="com.TestNG.Test1" name="testAndroidapp" time="0.004"/>
  <system-out/>
  <testcase classname="com.TestNG.Test1" name="testWebapp" time="0.004"/>
  <system-out/>
</testsuite> <!-- com.TestNG.Test1 -->
