<?xml version="1.0" encoding="UTF-8"?>
<!-- Generated by org.testng.reporters.JUnitReportReporter -->
<testsuite hostname="LAPTOP-CD8JOBST" failures="0" tests="1" name="com.TestNG.Screenshot" time="25.159" errors="0" timestamp="2022-05-05T12:40:12 IST" skipped="0">
  <testcase classname="com.TestNG.Screenshot" name="screenshot" time="25.159"/>
  <system-out/>
</testsuite> <!-- com.TestNG.Screenshot -->
